#
# A fatal error has been detected by the Java Runtime Environment:
#
#  EXCEPTION_ACCESS_VIOLATION (0xc0000005) at pc=0x00007ff887e17cca, pid=21188, tid=13788
#
# JRE version: OpenJDK Runtime Environment Temurin-18.0.1+10 (18.0.1+10) (build 18.0.1+10)
# Java VM: OpenJDK 64-Bit Server VM Temurin-18.0.1+10 (18.0.1+10, mixed mode, emulated-client, tiered, compressed oops, compressed class ptrs, g1 gc, windows-amd64)
# Problematic frame:
# V  [jvm.dll+0x7b7cca]
#
# No core dump will be written. Minidumps are not enabled by default on client versions of Windows
#
# If you would like to submit a bug report, please visit:
#   https://github.com/adoptium/adoptium-support/issues
#

---------------  S U M M A R Y ------------

Command Line: -XX:+ShowCodeDetailsInExceptionMessages -agentlib:jdwp=transport=dt_socket,suspend=y,address=localhost:54877 -Dcom.sun.management.jmxremote -Dcom.sun.management.jmxremote.port=54876 -Dcom.sun.management.jmxremote.authenticate=false -Dcom.sun.management.jmxremote.ssl=false -Djava.rmi.server.hostname=localhost -Dspring.jmx.enabled=true -Dspring.application.admin.enabled=true -XX:TieredStopAtLevel=1 -Dspring.boot.project.name=MedicalExamination -javaagent:C:\Users\DPC\eclipse\jee-2022-032\eclipse\configuration\org.eclipse.osgi\422\0\.cp\lib\javaagent-shaded.jar -Dfile.encoding=UTF-8 com.medical.examination.MedicalExaminationApplication

Host: 12th Gen Intel(R) Core(TM) i5-12400F, 12 cores, 31G,  Windows 10 , 64 bit Build 19041 (10.0.19041.1741)
Time: Mon Jul 11 01:21:16 2022 SE Asia Standard Time elapsed time: 235.749074 seconds (0d 0h 3m 55s)

---------------  T H R E A D  ---------------

Current thread (0x00000195d62948e0):  JavaThread "JDWP Transport Listener: dt_socket" daemon [_thread_in_vm, id=13788, stack(0x0000006f31000000,0x0000006f31100000)]

Stack: [0x0000006f31000000,0x0000006f31100000],  sp=0x0000006f310ff8f0,  free space=1022k
Native frames: (J=compiled Java code, j=interpreted, Vv=VM code, C=native code)
V  [jvm.dll+0x7b7cca]
V  [jvm.dll+0x52ee8c]
V  [jvm.dll+0x4fc88b]
C  [jdwp.dll+0x22fe7]


siginfo: EXCEPTION_ACCESS_VIOLATION (0xc0000005), reading address 0x0000000000850088


Register to memory mapping:

RIP=0x00007ff887e17cca jvm.dll
RAX=0x0000000000000083 is an unknown value
RBX=0x00000195d609d1b2 points into unknown readable memory: 65 73 73 6f 72 32
RCX=0x0000000000850084 is an unknown value
RDX=0x00000195d8281070 points into unknown readable memory: 0x64656d2f6d6f634c | 4c 63 6f 6d 2f 6d 65 64
RSP=0x0000006f310ff8f0 is pointing into the stack for thread: 0x00000195d62948e0
RBP=0x00000195d6274550 points into unknown readable memory: 0x0000000000000002 | 02 00 00 00 00 00 00 00
RSI=0x0 is NULL
RDI=0xffffffffffffffff is an unknown value
R8 =0x00000000000000ca is an unknown value
R9 =0x000000000000000b is an unknown value
R10=0x00000000000000c0 is an unknown value
R11=0x0000006f310ff910 is pointing into the stack for thread: 0x00000195d62948e0
R12=0x0000006f310ffa48 is pointing into the stack for thread: 0x00000195d62948e0
R13=0x0 is NULL
R14=0x0000000800a47470 is a pointer to class: 
com.medical.examination.service.impl.ClinicWorkingServiceImpl$1 {0x0000000800a47478}
 - instance size:     3
 - klass size:        71
 - access:            synchronized 
 - state:             fully_initialized
 - name:              'com/medical/examination/service/impl/ClinicWorkingServiceImpl$1'
 - super:             'java/lang/Object'
 - sub:               
 - arrays:            NULL
 - methods:           Array<T>(0x00000195dac3e778)
 - method ordering:   Array<T>(0x00000195dac3f148)
 - default_methods:   Array<T>(0x00000195dac3e7b8)
 - default vtable indices:   Array<T>(0x00000195dac3e7d0)
 - local interfaces:  Array<T>(0x00000195dac3e450)
 - trans. interfaces: Array<T>(0x00000195dac3e790)
 - constants:         constant pool [146] {0x00000195dac3f5f8} for 'com/medical/examination/service/impl/ClinicWorkingServiceImpl$1' cache=0x00000195d33b22d8
 - class loader data:  loader data: 0x00000195d7000e90 for instance a 'org/springframework/boot/devtools/restart/classloader/RestartClassLoader'{0x0000000603941aa0}
 - source file:       'ClinicWorkingServiceImpl.java'
 - source debug extension:       SMAP
ClinicWorkingServiceImpl.java
Java
*S jdt
*F
1 ClinicWorkingServiceImpl.java
2 file:/F:/work/DoAn_Hospital/MedicalExamination/target/classes/
*L
*E

 - class annotations:       Array<T>(0x0000000000000000)
 - class type annotations:  Array<T>(0x0000000000000000)
 - field annotations:       Array<T>(0x0000000000000000)
 - field type annotations:  Array<T>(0x0000000000000000)
 - generic signature: '
[error occurred during error reporting (printing register info), id 0xc0000005, EXCEPTION_ACCESS_VIOLATION (0xc0000005) at pc=0x00007ff887e188d6]

Registers:
RAX=0x0000000000000083, RBX=0x00000195d609d1b2, RCX=0x0000000000850084, RDX=0x00000195d8281070
RSP=0x0000006f310ff8f0, RBP=0x00000195d6274550, RSI=0x0000000000000000, RDI=0xffffffffffffffff
R8 =0x00000000000000ca, R9 =0x000000000000000b, R10=0x00000000000000c0, R11=0x0000006f310ff910
R12=0x0000006f310ffa48, R13=0x0000000000000000, R14=0x0000000800a47470, R15=0x0000006f310ffa70
RIP=0x00007ff887e17cca, EFLAGS=0x0000000000010206

Top of Stack: (sp=0x0000006f310ff8f0)
0x0000006f310ff8f0:   000000000000003f 0000000800a47470
0x0000006f310ff900:   0000000000000000 00007ff887bb8ffd
0x0000006f310ff910:   ffffffffffffffff 00007ff887b8ee8c
0x0000006f310ff920:   00000195d609d1b2 00000195d6274550
0x0000006f310ff930:   0000000000000000 00007ff887b9197d
0x0000006f310ff940:   00000195d609d120 00000000000003d8
0x0000006f310ff950:   00000195d609d130 00000195d609d508
0x0000006f310ff960:   000000000001ca01 0000006f310ffa48
0x0000006f310ff970:   0000000000000007 00000195d6294b70
0x0000006f310ff980:   0000000604073e78 00007ff887b5c88b
0x0000006f310ff990:   00000195d62948e0 0000006f310ffa70
0x0000006f310ff9a0:   00000195b393e060 0000006f310ffa70
0x0000006f310ff9b0:   00000195d62948e0 0000000000000000
0x0000006f310ff9c0:   0000000000000000 0000000000000000
0x0000006f310ff9d0:   00000195d6295c48 00007ff8b7ac2fe7
0x0000006f310ff9e0:   0000006f310ffa68 00007ff8b7ad1640 

Instructions: (pc=0x00007ff887e17cca)
0x00007ff887e17bca:   48 8b f8 48 85 db 74 08 48 8b cb e8 b6 66 eb ff
0x00007ff887e17bda:   48 8b 5c 24 30 48 8b c7 48 83 c4 20 5f c3 8d 42
0x00007ff887e17bea:   06 83 ff 02 b9 08 00 00 00 0f 4e c1 45 33 c0 48
0x00007ff887e17bfa:   63 c8 48 83 c1 07 83 e1 f8 48 63 c9 41 8d 50 0b
0x00007ff887e17c0a:   48 83 c4 20 5f e9 3c ce 8f ff cc cc cc cc cc cc
0x00007ff887e17c1a:   cc cc cc cc cc cc 83 fa 02 8d 42 06 b9 08 00 00
0x00007ff887e17c2a:   00 4d 8b c8 0f 4e c1 48 63 c8 49 8b 40 18 48 83
0x00007ff887e17c3a:   c1 07 83 e1 f8 48 63 d1 49 8b 48 20 48 2b c8 48
0x00007ff887e17c4a:   3b ca 72 09 48 8d 0c 10 49 89 48 18 c3 45 33 c0
0x00007ff887e17c5a:   49 8b c9 e9 1e 2c 90 ff cc cc cc cc cc cc cc cc
0x00007ff887e17c6a:   cc cc cc cc cc cc 4c 8b d2 4c 8b d9 45 85 c0 7e
0x00007ff887e17c7a:   3c 44 0f b7 49 04 41 8d 40 ff 41 3b c1 44 0f 4c
0x00007ff887e17c8a:   c8 4d 63 c1 45 85 c9 7e 1f 48 8b c2 4c 2b da 49
0x00007ff887e17c9a:   8b d0 0f 1f 40 00 41 0f b6 4c 03 06 88 08 48 8d
0x00007ff887e17caa:   40 01 48 83 ea 01 75 ee 43 c6 04 10 00 49 8b c2
0x00007ff887e17cba:   c3 cc cc cc cc cc 48 89 5c 24 08 57 48 83 ec 20
0x00007ff887e17cca:   0f b7 59 04 48 8b f9 33 d2 48 8d 4b 01 e8 e4 9e
0x00007ff887e17cda:   f3 ff 0f b7 57 04 4c 8b c0 3b da 0f 42 d3 44 8b
0x00007ff887e17cea:   ca 85 d2 74 39 48 2b f8 0f 1f 40 00 66 66 0f 1f
0x00007ff887e17cfa:   84 00 00 00 00 00 0f b6 4c 07 06 88 08 48 ff c0
0x00007ff887e17d0a:   48 8b c8 49 2b c8 49 3b c9 7c eb 42 c6 04 02 00
0x00007ff887e17d1a:   49 8b c0 48 8b 5c 24 30 48 83 c4 20 5f c3 48 8b
0x00007ff887e17d2a:   5c 24 30 c6 04 02 00 48 83 c4 20 5f c3 cc cc cc
0x00007ff887e17d3a:   cc cc cc cc cc cc 4c 8b d1 45 85 c0 7e 6c 44 0f
0x00007ff887e17d4a:   b7 49 04 41 8d 40 ff 41 3b c1 44 0f 4c c8 4d 63
0x00007ff887e17d5a:   d9 45 85 c9 7e 22 48 8b ca 4c 2b d2 4d 8b c3 0f
0x00007ff887e17d6a:   1f 80 00 00 00 00 41 0f b6 44 0a 06 88 01 48 8d
0x00007ff887e17d7a:   49 01 49 83 e8 01 75 ee 41 c6 04 13 00 48 c7 c0
0x00007ff887e17d8a:   ff ff ff ff 66 90 48 ff c0 80 3c 02 00 75 f7 48
0x00007ff887e17d9a:   63 c8 85 c0 48 8b c2 7e 14 80 38 2f 75 03 c6 00
0x00007ff887e17daa:   2e 48 ff c0 48 83 e9 01 75 ef 48 8b c2 c3 cc cc
0x00007ff887e17dba:   cc cc cc cc cc cc 48 83 ec 28 e8 f7 fe ff ff 4c 


Stack slot to memory mapping:
stack at sp + 0 slots: 0x000000000000003f is an unknown value
stack at sp + 1 slots: 0x0000000800a47470 is a pointer to class: 
com.medical.examination.service.impl.ClinicWorkingServiceImpl$1 {0x0000000800a47478}
 - instance size:     3
 - klass size:        71
 - access:            synchronized 
 - state:             fully_initialized
 - name:              'com/medical/examination/service/impl/ClinicWorkingServiceImpl$1'
 - super:             'java/lang/Object'
 - sub:               
 - arrays:            NULL
 - methods:           Array<T>(0x00000195dac3e778)
 - method ordering:   Array<T>(0x00000195dac3f148)
 - default_methods:   Array<T>(0x00000195dac3e7b8)
 - default vtable indices:   Array<T>(0x00000195dac3e7d0)
 - local interfaces:  Array<T>(0x00000195dac3e450)
 - trans. interfaces: Array<T>(0x00000195dac3e790)
 - constants:         constant pool [146] {0x00000195dac3f5f8} for 'com/medical/examination/service/impl/ClinicWorkingServiceImpl$1' cache=0x00000195d33b22d8
 - class loader data:  loader data: 0x00000195d7000e90 for instance a 'org/springframework/boot/devtools/restart/classloader/RestartClassLoader'{0x0000000603941aa0}
 - source file:       'ClinicWorkingServiceImpl.java'
 - source debug extension:       SMAP
ClinicWorkingServiceImpl.java
Java
*S jdt
*F
1 ClinicWorkingServiceImpl.java
2 file:/F:/work/DoAn_Hospital/MedicalExamination/target/classes/
*L
*E

 - class annotations:       Array<T>(0x0000000000000000)
 - class type annotations:  Array<T>(0x0000000000000000)
 - field annotations:       Array<T>(0x0000000000000000)
 - field type annotations:  Array<T>(0x0000000000000000)
 - generic signature: '
[error occurred during error reporting (inspecting top of stack), id 0xc0000005, EXCEPTION_ACCESS_VIOLATION (0xc0000005) at pc=0x00007ff887e188d6]


---------------  P R O C E S S  ---------------

Threads class SMR info:
_java_thread_list=0x00000195d974be70, length=39, elements={
0x00000195d6032150, 0x00000195d6033740, 0x00000195d6066000, 0x00000195d60668b0,
0x00000195d6068910, 0x00000195d6069aa0, 0x00000195d606e540, 0x00000195d6070d80,
0x00000195cf400e80, 0x00000195d62948e0, 0x00000195d6295580, 0x00000195d6297e00,
0x00000195d6ca4a60, 0x00000195d6d7cb80, 0x00000195d6d7f640, 0x00000195d6d79020,
0x00000195d6fec080, 0x00000195d6fea630, 0x00000195d72604f0, 0x00000195d74060e0,
0x00000195d7406a80, 0x00000195d8785d40, 0x00000195d8788d60, 0x00000195d8789230,
0x00000195d87836c0, 0x00000195d8782380, 0x00000195d8787a20, 0x00000195d8782850,
0x00000195d8782d20, 0x00000195d8787ef0, 0x00000195d8785870, 0x00000195d8784a00,
0x00000195d87831f0, 0x00000195d87883c0, 0x00000195d8786210, 0x00000195d8788890,
0x00000195d8783b90, 0x00000195d8784060, 0x00000195d8787550
}

Java Threads: ( => current thread )
  0x00000195d6032150 JavaThread "Reference Handler" daemon [_thread_blocked, id=11212, stack(0x0000006f30500000,0x0000006f30600000)]
  0x00000195d6033740 JavaThread "Finalizer" daemon [_thread_blocked, id=7348, stack(0x0000006f30600000,0x0000006f30700000)]
  0x00000195d6066000 JavaThread "Signal Dispatcher" daemon [_thread_blocked, id=20740, stack(0x0000006f30700000,0x0000006f30800000)]
  0x00000195d60668b0 JavaThread "Attach Listener" daemon [_thread_blocked, id=18568, stack(0x0000006f30800000,0x0000006f30900000)]
  0x00000195d6068910 JavaThread "Service Thread" daemon [_thread_blocked, id=14224, stack(0x0000006f30900000,0x0000006f30a00000)]
  0x00000195d6069aa0 JavaThread "Monitor Deflation Thread" daemon [_thread_blocked, id=7324, stack(0x0000006f30a00000,0x0000006f30b00000)]
  0x00000195d606e540 JavaThread "C1 CompilerThread0" daemon [_thread_blocked, id=22360, stack(0x0000006f30b00000,0x0000006f30c00000)]
  0x00000195d6070d80 JavaThread "Sweeper thread" daemon [_thread_blocked, id=22344, stack(0x0000006f30c00000,0x0000006f30d00000)]
  0x00000195cf400e80 JavaThread "Common-Cleaner" daemon [_thread_blocked, id=10036, stack(0x0000006f30d00000,0x0000006f30e00000)]
=>0x00000195d62948e0 JavaThread "JDWP Transport Listener: dt_socket" daemon [_thread_in_vm, id=13788, stack(0x0000006f31000000,0x0000006f31100000)]
  0x00000195d6295580 JavaThread "JDWP Event Helper Thread" daemon [_thread_blocked, id=16496, stack(0x0000006f31100000,0x0000006f31200000)]
  0x00000195d6297e00 JavaThread "JDWP Command Reader" daemon [_thread_in_native, id=8460, stack(0x0000006f31200000,0x0000006f31300000)]
  0x00000195d6ca4a60 JavaThread "Notification Thread" daemon [_thread_blocked, id=10840, stack(0x0000006f31400000,0x0000006f31500000)]
  0x00000195d6d7cb80 JavaThread "RMI TCP Accept-0" daemon [_thread_in_native, id=13568, stack(0x0000006f31500000,0x0000006f31600000)]
  0x00000195d6d7f640 JavaThread "RMI TCP Accept-54876" daemon [_thread_in_native, id=288, stack(0x0000006f31600000,0x0000006f31700000)]
  0x00000195d6d79020 JavaThread "RMI TCP Accept-0" daemon [_thread_in_native, id=3040, stack(0x0000006f31700000,0x0000006f31800000)]
  0x00000195d6fec080 JavaThread "RMI Scheduler(0)" daemon [_thread_blocked, id=3196, stack(0x0000006f32600000,0x0000006f32700000)]
  0x00000195d6fea630 JavaThread "RMI TCP Connection(idle)" daemon [_thread_blocked, id=10908, stack(0x0000006f32700000,0x0000006f32800000)]
  0x00000195d72604f0 JavaThread "JMX server connection timeout 25" daemon [_thread_blocked, id=16352, stack(0x0000006f32800000,0x0000006f32900000)]
  0x00000195d74060e0 JavaThread "mysql-cj-abandoned-connection-cleanup" daemon [_thread_blocked, id=8912, stack(0x0000006f32b00000,0x0000006f32c00000)]
  0x00000195d7406a80 JavaThread "Live Reload Server" daemon [_thread_in_native, id=14304, stack(0x0000006f33600000,0x0000006f33700000)]
  0x00000195d8785d40 JavaThread "DestroyJavaVM" [_thread_blocked, id=8852, stack(0x0000006f2fe00000,0x0000006f2ff00000)]
  0x00000195d8788d60 JavaThread "HikariPool-3 housekeeper" daemon [_thread_blocked, id=9460, stack(0x0000006f2fd00000,0x0000006f2fe00000)]
  0x00000195d8789230 JavaThread "Catalina-utility-1" [_thread_blocked, id=7840, stack(0x0000006f32500000,0x0000006f32600000)]
  0x00000195d87836c0 JavaThread "Catalina-utility-2" [_thread_blocked, id=18368, stack(0x0000006f32900000,0x0000006f32a00000)]
  0x00000195d8782380 JavaThread "container-0" [_thread_blocked, id=8952, stack(0x0000006f32a00000,0x0000006f32b00000)]
  0x00000195d8787a20 JavaThread "File Watcher" daemon [_thread_blocked, id=19664, stack(0x0000006f32f00000,0x0000006f33000000)]
  0x00000195d8782850 JavaThread "http-nio-8080-exec-1" daemon [_thread_blocked, id=12332, stack(0x0000006f33000000,0x0000006f33100000)]
  0x00000195d8782d20 JavaThread "http-nio-8080-exec-2" daemon [_thread_blocked, id=21068, stack(0x0000006f33100000,0x0000006f33200000)]
  0x00000195d8787ef0 JavaThread "http-nio-8080-exec-3" daemon [_thread_blocked, id=10740, stack(0x0000006f33200000,0x0000006f33300000)]
  0x00000195d8785870 JavaThread "http-nio-8080-exec-4" daemon [_thread_blocked, id=13724, stack(0x0000006f33300000,0x0000006f33400000)]
  0x00000195d8784a00 JavaThread "http-nio-8080-exec-5" daemon [_thread_blocked, id=21596, stack(0x0000006f33400000,0x0000006f33500000)]
  0x00000195d87831f0 JavaThread "http-nio-8080-exec-6" daemon [_thread_blocked, id=18016, stack(0x0000006f33500000,0x0000006f33600000)]
  0x00000195d87883c0 JavaThread "http-nio-8080-exec-7" daemon [_thread_blocked, id=4688, stack(0x0000006f33700000,0x0000006f33800000)]
  0x00000195d8786210 JavaThread "http-nio-8080-exec-8" daemon [_thread_blocked, id=2280, stack(0x0000006f33800000,0x0000006f33900000)]
  0x00000195d8788890 JavaThread "http-nio-8080-exec-9" daemon [_thread_blocked, id=22100, stack(0x0000006f33900000,0x0000006f33a00000)]
  0x00000195d8783b90 JavaThread "http-nio-8080-exec-10" daemon [_thread_blocked, id=21500, stack(0x0000006f33a00000,0x0000006f33b00000)]
  0x00000195d8784060 JavaThread "http-nio-8080-Poller" daemon [_thread_in_native, id=21040, stack(0x0000006f33b00000,0x0000006f33c00000)]
  0x00000195d8787550 JavaThread "http-nio-8080-Acceptor" daemon [_thread_in_native, id=17932, stack(0x0000006f33c00000,0x0000006f33d00000)]

Other Threads:
  0x00000195cf466020 VMThread "VM Thread" [stack: 0x0000006f30400000,0x0000006f30500000] [id=11160]
  0x00000195d6d7c360 WatcherThread "VM Periodic Task Thread" [stack: 0x0000006f31800000,0x0000006f31900000] [id=18584]
  0x00000195b3a03310 WorkerThread "GC Thread#0" [stack: 0x0000006f2ff00000,0x0000006f30000000] [id=7648]
  0x00000195d6fb79e0 WorkerThread "GC Thread#1" [stack: 0x0000006f31900000,0x0000006f31a00000] [id=8156]
  0x00000195d6fb7c80 WorkerThread "GC Thread#2" [stack: 0x0000006f31a00000,0x0000006f31b00000] [id=2900]
  0x00000195d6fb8530 WorkerThread "GC Thread#3" [stack: 0x0000006f31b00000,0x0000006f31c00000] [id=20588]
  0x00000195d6fb87d0 WorkerThread "GC Thread#4" [stack: 0x0000006f31c00000,0x0000006f31d00000] [id=19364]
  0x00000195d6fd91c0 WorkerThread "GC Thread#5" [stack: 0x0000006f31d00000,0x0000006f31e00000] [id=1328]
  0x00000195d6fd9460 WorkerThread "GC Thread#6" [stack: 0x0000006f31e00000,0x0000006f31f00000] [id=14232]
  0x00000195d6fd9700 WorkerThread "GC Thread#7" [stack: 0x0000006f31f00000,0x0000006f32000000] [id=19196]
  0x00000195d6e4cda0 WorkerThread "GC Thread#8" [stack: 0x0000006f32000000,0x0000006f32100000] [id=17160]
  0x00000195d6e4d850 WorkerThread "GC Thread#9" [stack: 0x0000006f32100000,0x0000006f32200000] [id=18472]
  0x00000195cf278000 ConcurrentGCThread "G1 Main Marker" [stack: 0x0000006f30000000,0x0000006f30100000] [id=18164]
  0x00000195cf278900 WorkerThread "G1 Conc#0" [stack: 0x0000006f30100000,0x0000006f30200000] [id=7796]
  0x00000195d7557ab0 WorkerThread "G1 Conc#1" [stack: 0x0000006f32c00000,0x0000006f32d00000] [id=20492]
  0x00000195d7556070 WorkerThread "G1 Conc#2" [stack: 0x0000006f32d00000,0x0000006f32e00000] [id=16228]
  0x00000195cf2ceb60 ConcurrentGCThread "G1 Refine#0" [stack: 0x0000006f30200000,0x0000006f30300000] [id=18628]
  0x00000195d62c32a0 ConcurrentGCThread "G1 Refine#1" [stack: 0x0000006f32200000,0x0000006f32300000] [id=19900]
  0x00000195d62c3f90 ConcurrentGCThread "G1 Refine#2" [stack: 0x0000006f32300000,0x0000006f32400000] [id=13728]
  0x00000195d6d53470 ConcurrentGCThread "G1 Refine#3" [stack: 0x0000006f32400000,0x0000006f32500000] [id=19916]
  0x00000195cf2cf380 ConcurrentGCThread "G1 Service" [stack: 0x0000006f30300000,0x0000006f30400000] [id=19056]

Threads with active compile tasks:

VM state: not at safepoint (normal execution)

VM Mutex/Monitor currently owned by a thread: None

Heap address: 0x0000000602400000, size: 8156 MB, Compressed Oops mode: Zero based, Oop shift amount: 3

CDS archive(s) not mapped
Compressed class space mapped at: 0x0000000800000000-0x0000000840000000, reserved size: 1073741824
Narrow klass base: 0x0000000800000000, Narrow klass shift: 0, Narrow klass range: 0x40000000

GC Precious Log:
 CardTable entry size: 512
 Card Set container configuration: InlinePtr #cards 4 size 8 Array Of Cards #cards 32 size 80 Howl #buckets 8 coarsen threshold 7372 Howl Bitmap #cards 1024 size 144 coarsen threshold 921 Card regions per heap region 1 cards per card region 8192
 CPUs: 12 total, 12 available
 Memory: 32612M
 Large Page Support: Disabled
 NUMA Support: Disabled
 Compressed Oops: Enabled (Zero based)
 Heap Region Size: 4M
 Heap Min Capacity: 8M
 Heap Initial Capacity: 512M
 Heap Max Capacity: 8156M
 Pre-touch: Disabled
 Parallel Workers: 10
 Concurrent Workers: 3
 Concurrent Refinement Workers: 10
 Periodic GC: Disabled

Heap:
 garbage-first heap   total 110592K, used 46043K [0x0000000602400000, 0x0000000800000000)
  region size 4096K, 3 young (12288K), 1 survivors (4096K)
 Metaspace       used 82198K, committed 83008K, reserved 1179648K
  class space    used 10601K, committed 10944K, reserved 1048576K

Heap Regions: E=young(eden), S=young(survivor), O=old, HS=humongous(starts), HC=humongous(continues), CS=collection set, F=free, OA=open archive, CA=closed archive, TAMS=top-at-mark-start (previous, next)
|   0|0x0000000602400000, 0x00000006027fff98, 0x0000000602800000| 99%| O|  |TAMS 0x00000006027fff98, 0x0000000602400000| Untracked 
|   1|0x0000000602800000, 0x0000000602bfffe8, 0x0000000602c00000| 99%| O|  |TAMS 0x0000000602800000, 0x0000000602800000| Untracked 
|   2|0x0000000602c00000, 0x0000000602ffffa8, 0x0000000603000000| 99%| O|  |TAMS 0x0000000602c00000, 0x0000000602c00000| Untracked 
|   3|0x0000000603000000, 0x00000006033fffb0, 0x0000000603400000| 99%| O|  |TAMS 0x0000000603000000, 0x0000000603000000| Untracked 
|   4|0x0000000603400000, 0x00000006037fffd8, 0x0000000603800000| 99%| O|  |TAMS 0x0000000603400000, 0x0000000603400000| Untracked 
|   5|0x0000000603800000, 0x0000000603bffff8, 0x0000000603c00000| 99%| O|  |TAMS 0x0000000603800000, 0x0000000603800000| Untracked 
|   6|0x0000000603c00000, 0x0000000603ffffd8, 0x0000000604000000| 99%| O|  |TAMS 0x0000000603c00000, 0x0000000603c00000| Untracked 
|   7|0x0000000604000000, 0x0000000604079510, 0x0000000604400000| 11%| O|  |TAMS 0x0000000604000000, 0x0000000604000000| Untracked 
|   8|0x0000000604400000, 0x00000006044b68e8, 0x0000000604800000| 17%| O|  |TAMS 0x0000000604400000, 0x0000000604400000| Untracked 
|   9|0x0000000604800000, 0x0000000604c00000, 0x0000000604c00000|100%| O|  |TAMS 0x0000000604800000, 0x0000000604800000| Untracked 
|  10|0x0000000604c00000, 0x0000000605000000, 0x0000000605000000|100%| O|  |TAMS 0x0000000604c00000, 0x0000000604c00000| Untracked 
|  11|0x0000000605000000, 0x00000006050f0400, 0x0000000605400000| 23%| O|  |TAMS 0x0000000605000000, 0x0000000605000000| Untracked 
|  12|0x0000000605400000, 0x0000000605400000, 0x0000000605800000|  0%| F|  |TAMS 0x0000000605400000, 0x0000000605400000| Untracked 
|  13|0x0000000605800000, 0x0000000605800000, 0x0000000605c00000|  0%| F|  |TAMS 0x0000000605800000, 0x0000000605800000| Untracked 
|  14|0x0000000605c00000, 0x0000000605c00000, 0x0000000606000000|  0%| F|  |TAMS 0x0000000605c00000, 0x0000000605c00000| Untracked 
|  15|0x0000000606000000, 0x0000000606000000, 0x0000000606400000|  0%| F|  |TAMS 0x0000000606000000, 0x0000000606000000| Untracked 
|  16|0x0000000606400000, 0x0000000606400000, 0x0000000606800000|  0%| F|  |TAMS 0x0000000606400000, 0x0000000606400000| Untracked 
|  17|0x0000000606800000, 0x0000000606800000, 0x0000000606c00000|  0%| F|  |TAMS 0x0000000606800000, 0x0000000606800000| Untracked 
|  18|0x0000000606c00000, 0x0000000606ed6ca0, 0x0000000607000000| 70%| S|CS|TAMS 0x0000000606c00000, 0x0000000606c00000| Complete 
|  19|0x0000000607000000, 0x0000000607000000, 0x0000000607400000|  0%| F|  |TAMS 0x0000000607000000, 0x0000000607000000| Untracked 
|  20|0x0000000607400000, 0x0000000607400000, 0x0000000607800000|  0%| F|  |TAMS 0x0000000607400000, 0x0000000607400000| Untracked 
|  21|0x0000000607800000, 0x0000000607800000, 0x0000000607c00000|  0%| F|  |TAMS 0x0000000607800000, 0x0000000607800000| Untracked 
|  22|0x0000000607c00000, 0x0000000607c00000, 0x0000000608000000|  0%| F|  |TAMS 0x0000000607c00000, 0x0000000607c00000| Untracked 
|  23|0x0000000608000000, 0x0000000608000000, 0x0000000608400000|  0%| F|  |TAMS 0x0000000608000000, 0x0000000608000000| Untracked 
|  39|0x000000060c000000, 0x000000060c000000, 0x000000060c400000|  0%| F|  |TAMS 0x000000060c000000, 0x000000060c000000| Untracked 
|  40|0x000000060c400000, 0x000000060c53e0d8, 0x000000060c800000| 31%| E|  |TAMS 0x000000060c400000, 0x000000060c400000| Complete 
| 127|0x0000000622000000, 0x0000000622400000, 0x0000000622400000|100%| E|CS|TAMS 0x0000000622000000, 0x0000000622000000| Complete 

Card table byte_map: [0x00000195bd320000,0x00000195be310000] _byte_map_base: 0x00000195ba30e000

Marking Bits (Prev, Next): (CMBitMap*) 0x00000195b3a03860, (CMBitMap*) 0x00000195b3a03820
 Prev Bits: [0x00000195c7270000, 0x00000195cf1e0000)
 Next Bits: [0x00000195bf300000, 0x00000195c7270000)

Polling page: 0x00000195b3770000

Metaspace:

Usage:
  Non-class:     69.92 MB used.
      Class:     10.35 MB used.
       Both:     80.27 MB used.

Virtual space:
  Non-class space:      128.00 MB reserved,      70.38 MB ( 55%) committed,  2 nodes.
      Class space:        1.00 GB reserved,      10.69 MB (  1%) committed,  1 nodes.
             Both:        1.12 GB reserved,      81.06 MB (  7%) committed. 

Chunk freelists:
   Non-Class:  1.23 MB
       Class:  1.26 MB
        Both:  2.49 MB

MaxMetaspaceSize: unlimited
CompressedClassSpaceSize: 1.00 GB
Initial GC threshold: 21.00 MB
Current GC threshold: 131.88 MB
CDS: off
MetaspaceReclaimPolicy: balanced
 - commit_granule_bytes: 65536.
 - commit_granule_words: 8192.
 - virtual_space_node_default_size: 8388608.
 - enlarge_chunks_in_place: 1.
 - new_chunks_are_fully_committed: 0.
 - uncommit_free_chunks: 1.
 - use_allocation_guard: 0.


Internal statistics:

num_allocs_failed_limit: 9.
num_arena_births: 1462.
num_arena_deaths: 326.
num_vsnodes_births: 3.
num_vsnodes_deaths: 0.
num_space_committed: 1297.
num_space_uncommitted: 0.
num_chunks_returned_to_freelist: 360.
num_chunks_taken_from_freelist: 4185.
num_chunk_merges: 104.
num_chunk_splits: 2835.
num_chunks_enlarged: 2139.
num_inconsistent_stats: 0.

CodeCache: size=49152Kb used=20316Kb max_used=20833Kb free=28835Kb
 bounds [0x00000195b8820000, 0x00000195b9c80000, 0x00000195bb820000]
 total_blobs=11133 nmethods=10189 adapters=870
 compilation: enabled
              stopped_count=0, restarted_count=0
 full_count=0

Compilation events (20 events):
Event: 203.777 Thread 0x00000195d606e540 10181   !   1       java.util.concurrent.FutureTask::runAndReset (125 bytes)
Event: 203.778 Thread 0x00000195d606e540 nmethod 10181 0x00000195b9a3ea10 code [0x00000195b9a3eca0, 0x00000195b9a3f698]
Event: 203.778 Thread 0x00000195d606e540 10182       1       java.util.concurrent.Executors$RunnableAdapter::call (14 bytes)
Event: 203.778 Thread 0x00000195d606e540 nmethod 10182 0x00000195b9a3e710 code [0x00000195b9a3e8a0, 0x00000195b9a3e9a8]
Event: 203.778 Thread 0x00000195d606e540 10183       1       java.util.concurrent.ScheduledThreadPoolExecutor$ScheduledFutureTask::setNextRunTime (38 bytes)
Event: 203.778 Thread 0x00000195d606e540 nmethod 10183 0x00000195b9a3e290 code [0x00000195b9a3e440, 0x00000195b9a3e628]
Event: 203.778 Thread 0x00000195d606e540 10184       1       java.util.concurrent.ScheduledThreadPoolExecutor::reExecutePeriodic (49 bytes)
Event: 203.778 Thread 0x00000195d606e540 nmethod 10184 0x00000195b9a3dc90 code [0x00000195b9a3de80, 0x00000195b9a3e108]
Event: 213.217 Thread 0x00000195d606e540 10186   !   1       org.apache.tomcat.util.threads.ThreadPoolExecutor::getPoolSize (49 bytes)
Event: 213.218 Thread 0x00000195d606e540 nmethod 10186 0x00000195b9a3d390 code [0x00000195b9a3d580, 0x00000195b9a3d908]
Event: 213.218 Thread 0x00000195d606e540 10188       1       org.apache.tomcat.util.net.NioChannel::isHandshakeComplete (2 bytes)
Event: 213.218 Thread 0x00000195d606e540 nmethod 10188 0x00000195b9a3d090 code [0x00000195b9a3d220, 0x00000195b9a3d2f8]
Event: 213.218 Thread 0x00000195d606e540 10185       1       org.apache.tomcat.util.threads.ThreadPoolExecutor::getMaximumPoolSize (5 bytes)
Event: 213.218 Thread 0x00000195d606e540 nmethod 10185 0x00000195b9a3cd90 code [0x00000195b9a3cf20, 0x00000195b9a3cff8]
Event: 213.218 Thread 0x00000195d606e540 10187       1       org.apache.tomcat.util.net.NioEndpoint::access$700 (5 bytes)
Event: 213.218 Thread 0x00000195d606e540 nmethod 10187 0x00000195b9a3ca90 code [0x00000195b9a3cc20, 0x00000195b9a3ccd8]
Event: 213.218 Thread 0x00000195d606e540 10189       1       sun.nio.ch.SelectionKeyImpl::selector (5 bytes)
Event: 213.218 Thread 0x00000195d606e540 nmethod 10189 0x00000195b9a3c790 code [0x00000195b9a3c920, 0x00000195b9a3c9f8]
Event: 216.778 Thread 0x00000195d606e540 10190       1       java.util.Collections$SetFromMap::iterator (10 bytes)
Event: 216.778 Thread 0x00000195d606e540 nmethod 10190 0x00000195b9a3c490 code [0x00000195b9a3c620, 0x00000195b9a3c708]

GC Heap History (20 events):
Event: 75.338 GC heap before
{Heap before GC invocations=20 (full 0):
 garbage-first heap   total 110592K, used 82797K [0x0000000602400000, 0x0000000800000000)
  region size 4096K, 13 young (53248K), 2 survivors (8192K)
 Metaspace       used 79229K, committed 79808K, reserved 1179648K
  class space    used 10141K, committed 10432K, reserved 1048576K
}
Event: 75.340 GC heap after
{Heap after GC invocations=21 (full 0):
 garbage-first heap   total 110592K, used 38264K [0x0000000602400000, 0x0000000800000000)
  region size 4096K, 1 young (4096K), 1 survivors (4096K)
 Metaspace       used 79229K, committed 79808K, reserved 1179648K
  class space    used 10141K, committed 10432K, reserved 1048576K
}
Event: 119.862 GC heap before
{Heap before GC invocations=21 (full 0):
 garbage-first heap   total 110592K, used 66936K [0x0000000602400000, 0x0000000800000000)
  region size 4096K, 9 young (36864K), 1 survivors (4096K)
 Metaspace       used 79472K, committed 80064K, reserved 1179648K
  class space    used 10187K, committed 10496K, reserved 1048576K
}
Event: 119.907 GC heap after
{Heap after GC invocations=22 (full 1):
 garbage-first heap   total 110592K, used 28197K [0x0000000602400000, 0x0000000800000000)
  region size 4096K, 0 young (0K), 0 survivors (0K)
 Metaspace       used 79226K, committed 80064K, reserved 1179648K
  class space    used 10130K, committed 10496K, reserved 1048576K
}
Event: 120.256 GC heap before
{Heap before GC invocations=22 (full 1):
 garbage-first heap   total 110592K, used 85541K [0x0000000602400000, 0x0000000800000000)
  region size 4096K, 14 young (57344K), 0 survivors (0K)
 Metaspace       used 79521K, committed 80064K, reserved 1179648K
  class space    used 10186K, committed 10496K, reserved 1048576K
}
Event: 120.259 GC heap after
{Heap after GC invocations=23 (full 1):
 garbage-first heap   total 110592K, used 33152K [0x0000000602400000, 0x0000000800000000)
  region size 4096K, 2 young (8192K), 2 survivors (8192K)
 Metaspace       used 79521K, committed 80064K, reserved 1179648K
  class space    used 10186K, committed 10496K, reserved 1048576K
}
Event: 121.163 GC heap before
{Heap before GC invocations=23 (full 1):
 garbage-first heap   total 110592K, used 82304K [0x0000000602400000, 0x0000000800000000)
  region size 4096K, 14 young (57344K), 2 survivors (8192K)
 Metaspace       used 79783K, committed 80384K, reserved 1179648K
  class space    used 10212K, committed 10496K, reserved 1048576K
}
Event: 121.165 GC heap after
{Heap after GC invocations=24 (full 1):
 garbage-first heap   total 110592K, used 37398K [0x0000000602400000, 0x0000000800000000)
  region size 4096K, 2 young (8192K), 2 survivors (8192K)
 Metaspace       used 79783K, committed 80384K, reserved 1179648K
  class space    used 10212K, committed 10496K, reserved 1048576K
}
Event: 136.060 GC heap before
{Heap before GC invocations=24 (full 1):
 garbage-first heap   total 110592K, used 61974K [0x0000000602400000, 0x0000000800000000)
  region size 4096K, 9 young (36864K), 2 survivors (8192K)
 Metaspace       used 80431K, committed 81024K, reserved 1179648K
  class space    used 10294K, committed 10560K, reserved 1048576K
}
Event: 136.101 GC heap after
{Heap after GC invocations=25 (full 2):
 garbage-first heap   total 110592K, used 29887K [0x0000000602400000, 0x0000000800000000)
  region size 4096K, 0 young (0K), 0 survivors (0K)
 Metaspace       used 80337K, committed 81024K, reserved 1179648K
  class space    used 10271K, committed 10560K, reserved 1048576K
}
Event: 136.362 GC heap before
{Heap before GC invocations=25 (full 2):
 garbage-first heap   total 110592K, used 79039K [0x0000000602400000, 0x0000000800000000)
  region size 4096K, 12 young (49152K), 0 survivors (0K)
 Metaspace       used 80456K, committed 81024K, reserved 1179648K
  class space    used 10291K, committed 10560K, reserved 1048576K
}
Event: 136.364 GC heap after
{Heap after GC invocations=26 (full 2):
 garbage-first heap   total 110592K, used 33644K [0x0000000602400000, 0x0000000800000000)
  region size 4096K, 1 young (4096K), 1 survivors (4096K)
 Metaspace       used 80456K, committed 81024K, reserved 1179648K
  class space    used 10291K, committed 10560K, reserved 1048576K
}
Event: 136.730 GC heap before
{Heap before GC invocations=26 (full 2):
 garbage-first heap   total 110592K, used 78700K [0x0000000602400000, 0x0000000800000000)
  region size 4096K, 12 young (49152K), 1 survivors (4096K)
 Metaspace       used 80722K, committed 81280K, reserved 1179648K
  class space    used 10311K, committed 10560K, reserved 1048576K
}
Event: 136.731 GC heap after
{Heap after GC invocations=27 (full 2):
 garbage-first heap   total 110592K, used 35890K [0x0000000602400000, 0x0000000800000000)
  region size 4096K, 2 young (8192K), 2 survivors (8192K)
 Metaspace       used 80722K, committed 81280K, reserved 1179648K
  class space    used 10311K, committed 10560K, reserved 1048576K
}
Event: 152.506 GC heap before
{Heap before GC invocations=27 (full 2):
 garbage-first heap   total 110592K, used 76850K [0x0000000602400000, 0x0000000800000000)
  region size 4096K, 12 young (49152K), 2 survivors (8192K)
 Metaspace       used 81612K, committed 82304K, reserved 1179648K
  class space    used 10480K, committed 10816K, reserved 1048576K
}
Event: 152.509 GC heap after
{Heap after GC invocations=28 (full 2):
 garbage-first heap   total 110592K, used 39633K [0x0000000602400000, 0x0000000800000000)
  region size 4096K, 2 young (8192K), 2 survivors (8192K)
 Metaspace       used 81612K, committed 82304K, reserved 1179648K
  class space    used 10480K, committed 10816K, reserved 1048576K
}
Event: 175.588 GC heap before
{Heap before GC invocations=28 (full 2):
 garbage-first heap   total 110592K, used 76497K [0x0000000602400000, 0x0000000800000000)
  region size 4096K, 11 young (45056K), 2 survivors (8192K)
 Metaspace       used 82176K, committed 82944K, reserved 1179648K
  class space    used 10600K, committed 10944K, reserved 1048576K
}
Event: 175.591 GC heap after
{Heap after GC invocations=29 (full 2):
 garbage-first heap   total 110592K, used 42133K [0x0000000602400000, 0x0000000800000000)
  region size 4096K, 1 young (4096K), 1 survivors (4096K)
 Metaspace       used 82176K, committed 82944K, reserved 1179648K
  class space    used 10600K, committed 10944K, reserved 1048576K
}
Event: 228.358 GC heap before
{Heap before GC invocations=29 (full 2):
 garbage-first heap   total 110592K, used 74901K [0x0000000602400000, 0x0000000800000000)
  region size 4096K, 9 young (36864K), 1 survivors (4096K)
 Metaspace       used 82176K, committed 82944K, reserved 1179648K
  class space    used 10600K, committed 10944K, reserved 1048576K
}
Event: 228.359 GC heap after
{Heap after GC invocations=30 (full 2):
 garbage-first heap   total 110592K, used 41947K [0x0000000602400000, 0x0000000800000000)
  region size 4096K, 1 young (4096K), 1 survivors (4096K)
 Metaspace       used 82176K, committed 82944K, reserved 1179648K
  class space    used 10600K, committed 10944K, reserved 1048576K
}

Deoptimization events (20 events):
Event: 152.635 Thread 0x00000195d8782850 DEOPT PACKING pc=0x00000195b9a633e4 sp=0x0000006f330f7d10
Event: 152.635 Thread 0x00000195d8782850 DEOPT UNPACKING pc=0x00000195b8872b43 sp=0x0000006f330f7150 mode 1
Event: 152.635 Thread 0x00000195d8782850 DEOPT PACKING pc=0x00000195b9b42f04 sp=0x0000006f330f7ae0
Event: 152.635 Thread 0x00000195d8782850 DEOPT UNPACKING pc=0x00000195b8872b43 sp=0x0000006f330f7158 mode 1
Event: 152.635 Thread 0x00000195d8782850 DEOPT PACKING pc=0x00000195b9b45f0c sp=0x0000006f330f7d10
Event: 152.635 Thread 0x00000195d8782850 DEOPT UNPACKING pc=0x00000195b8872b43 sp=0x0000006f330f71c0 mode 1
Event: 152.635 Thread 0x00000195d8782850 DEOPT PACKING pc=0x00000195b9a642d4 sp=0x0000006f330f7df0
Event: 152.635 Thread 0x00000195d8782850 DEOPT UNPACKING pc=0x00000195b8872b43 sp=0x0000006f330f7308 mode 1
Event: 152.635 Thread 0x00000195d8782850 DEOPT PACKING pc=0x00000195b9a651fc sp=0x0000006f330f7ee0
Event: 152.635 Thread 0x00000195d8782850 DEOPT UNPACKING pc=0x00000195b8872b43 sp=0x0000006f330f7398 mode 1
Event: 152.635 Thread 0x00000195d8782850 DEOPT PACKING pc=0x00000195b8cbe1e4 sp=0x0000006f330f88c0
Event: 152.635 Thread 0x00000195d8782850 DEOPT UNPACKING pc=0x00000195b8872b43 sp=0x0000006f330f7d88 mode 1
Event: 152.635 Thread 0x00000195d8782850 DEOPT PACKING pc=0x00000195b9b7f884 sp=0x0000006f330f8950
Event: 152.635 Thread 0x00000195d8782850 DEOPT UNPACKING pc=0x00000195b8872b43 sp=0x0000006f330f7df0 mode 1
Event: 152.635 Thread 0x00000195d8782850 DEOPT PACKING pc=0x00000195b8f212a4 sp=0x0000006f330f8910
Event: 152.635 Thread 0x00000195d8782850 DEOPT UNPACKING pc=0x00000195b8872b43 sp=0x0000006f330f7d98 mode 1
Event: 152.636 Thread 0x00000195d8782850 DEOPT PACKING pc=0x00000195b8cfbf39 sp=0x0000006f330f8f40
Event: 152.636 Thread 0x00000195d8782850 DEOPT UNPACKING pc=0x00000195b8872b43 sp=0x0000006f330f8398 mode 1
Event: 152.636 Thread 0x00000195d8782850 DEOPT PACKING pc=0x00000195b8ce68fc sp=0x0000006f330f8fd0
Event: 152.636 Thread 0x00000195d8782850 DEOPT UNPACKING pc=0x00000195b8872b43 sp=0x0000006f330f8488 mode 1

Classes loaded (20 events):
Event: 152.621 Loading class java/util/Collections$UnmodifiableRandomAccessListBeanInfo
Event: 152.621 Loading class java/util/Collections$UnmodifiableRandomAccessListBeanInfo done
Event: 152.621 Loading class java/util/Collections$UnmodifiableListBeanInfo
Event: 152.621 Loading class java/util/Collections$UnmodifiableListBeanInfo done
Event: 152.621 Loading class java/util/Collections$UnmodifiableListBeanInfo
Event: 152.621 Loading class java/util/Collections$UnmodifiableListBeanInfo done
Event: 152.621 Loading class java/util/Collections$UnmodifiableListCustomizer
Event: 152.621 Loading class java/util/Collections$UnmodifiableListCustomizer done
Event: 152.622 Loading class java/util/Collections$UnmodifiableListCustomizer
Event: 152.622 Loading class java/util/Collections$UnmodifiableListCustomizer done
Event: 152.622 Loading class java/util/Collections$UnmodifiableRandomAccessListCustomizer
Event: 152.622 Loading class java/util/Collections$UnmodifiableRandomAccessListCustomizer done
Event: 152.622 Loading class java/util/Collections$UnmodifiableRandomAccessListCustomizer
Event: 152.622 Loading class java/util/Collections$UnmodifiableRandomAccessListCustomizer done
Event: 152.634 Loading class java/lang/ObjectCustomizer
Event: 152.634 Loading class java/lang/ObjectCustomizer done
Event: 152.635 Loading class java/lang/ObjectCustomizer
Event: 152.635 Loading class java/lang/ObjectCustomizer done
Event: 152.636 Loading class java/lang/LongEditor
Event: 152.636 Loading class java/lang/LongEditor done

Classes unloaded (20 events):
Event: 136.074 Thread 0x00000195cf466020 Unloading class 0x0000000800640000 'java/lang/invoke/LambdaForm$MH+0x0000000800640000'
Event: 136.074 Thread 0x00000195cf466020 Unloading class 0x0000000800600800 'java/lang/invoke/LambdaForm$MH+0x0000000800600800'
Event: 136.074 Thread 0x00000195cf466020 Unloading class 0x00000008005a6800 'java/lang/invoke/LambdaForm$MH+0x00000008005a6800'
Event: 136.074 Thread 0x00000195cf466020 Unloading class 0x00000008005a6400 'java/lang/invoke/LambdaForm$MH+0x00000008005a6400'
Event: 136.074 Thread 0x00000195cf466020 Unloading class 0x00000008005a4800 'java/lang/invoke/LambdaForm$MH+0x00000008005a4800'
Event: 136.074 Thread 0x00000195cf466020 Unloading class 0x000000080059f000 'java/lang/invoke/LambdaForm$MH+0x000000080059f000'
Event: 136.074 Thread 0x00000195cf466020 Unloading class 0x000000080059ec00 'java/lang/invoke/LambdaForm$MH+0x000000080059ec00'
Event: 136.074 Thread 0x00000195cf466020 Unloading class 0x000000080059d000 'java/lang/invoke/LambdaForm$MH+0x000000080059d000'
Event: 136.074 Thread 0x00000195cf466020 Unloading class 0x000000080059cc00 'java/lang/invoke/LambdaForm$MH+0x000000080059cc00'
Event: 136.074 Thread 0x00000195cf466020 Unloading class 0x00000008004fc800 'java/lang/invoke/LambdaForm$MH+0x00000008004fc800'
Event: 136.074 Thread 0x00000195cf466020 Unloading class 0x00000008004c8c00 'java/lang/invoke/LambdaForm$MH+0x00000008004c8c00'
Event: 136.074 Thread 0x00000195cf466020 Unloading class 0x00000008004acc00 'java/lang/invoke/LambdaForm$MH+0x00000008004acc00'
Event: 136.074 Thread 0x00000195cf466020 Unloading class 0x000000080048c000 'java/lang/invoke/LambdaForm$MH+0x000000080048c000'
Event: 136.074 Thread 0x00000195cf466020 Unloading class 0x0000000800484800 'java/lang/invoke/LambdaForm$MH+0x0000000800484800'
Event: 136.074 Thread 0x00000195cf466020 Unloading class 0x0000000800475c00 'java/lang/invoke/LambdaForm$MH+0x0000000800475c00'
Event: 136.074 Thread 0x00000195cf466020 Unloading class 0x000000080022cc00 'java/lang/invoke/LambdaForm$MH+0x000000080022cc00'
Event: 136.074 Thread 0x00000195cf466020 Unloading class 0x00000008000c7000 'java/lang/invoke/LambdaForm$MH+0x00000008000c7000'
Event: 136.074 Thread 0x00000195cf466020 Unloading class 0x00000008000c6800 'java/lang/invoke/LambdaForm$MH+0x00000008000c6800'
Event: 136.074 Thread 0x00000195cf466020 Unloading class 0x00000008000c6000 'java/lang/invoke/LambdaForm$MH+0x00000008000c6000'
Event: 136.074 Thread 0x00000195cf466020 Unloading class 0x00000008000c5800 'java/lang/invoke/LambdaForm$MH+0x00000008000c5800'

Classes redefined (12 events):
Event: 116.773 Thread 0x00000195cf466020 redefined class name=com.medical.examination.service.impl.ClinicWorkingServiceImpl, count=1
Event: 116.773 Thread 0x00000195cf466020 redefined class name=com.medical.examination.service.impl.ClinicWorkingServiceImpl$1, count=1
Event: 134.930 Thread 0x00000195cf466020 redefined class name=com.medical.examination.service.impl.ClinicWorkingServiceImpl$1, count=2
Event: 134.930 Thread 0x00000195cf466020 redefined class name=com.medical.examination.service.impl.ClinicWorkingServiceImpl$1, count=1
Event: 134.930 Thread 0x00000195cf466020 redefined class name=com.medical.examination.service.impl.ClinicWorkingServiceImpl, count=2
Event: 134.930 Thread 0x00000195cf466020 redefined class name=com.medical.examination.service.impl.ClinicWorkingServiceImpl, count=1
Event: 235.714 Thread 0x00000195cf466020 redefined class name=com.medical.examination.service.impl.ClinicWorkingServiceImpl$1, count=1
Event: 235.714 Thread 0x00000195cf466020 redefined class name=com.medical.examination.service.impl.ClinicWorkingServiceImpl$1, count=3
Event: 235.714 Thread 0x00000195cf466020 redefined class name=com.medical.examination.service.impl.ClinicWorkingServiceImpl, count=1
Event: 235.714 Thread 0x00000195cf466020 redefined class name=com.medical.examination.service.impl.ClinicWorkingServiceImpl$1, count=2
Event: 235.714 Thread 0x00000195cf466020 redefined class name=com.medical.examination.service.impl.ClinicWorkingServiceImpl, count=3
Event: 235.714 Thread 0x00000195cf466020 redefined class name=com.medical.examination.service.impl.ClinicWorkingServiceImpl, count=2

Internal exceptions (20 events):
Event: 152.611 Thread 0x00000195d8782850 Exception <a 'java/lang/ClassNotFoundException'{0x00000006081b3d88}: org/codehaus/groovy/runtime/GStringImplCustomizer> (0x00000006081b3d88) 
thrown [s\src\hotspot\share\classfile\systemDictionary.cpp, line 255]
Event: 152.612 Thread 0x00000195d8782850 Exception <a 'java/lang/ClassNotFoundException'{0x00000006081dd3a8}: org/thymeleaf/standard/processor/StandardWithTagProcessorBeanInfo> (0x00000006081dd3a8) 
thrown [s\src\hotspot\share\classfile\systemDictionary.cpp, line 255]
Event: 152.613 Thread 0x00000195d8782850 Exception <a 'java/lang/ClassNotFoundException'{0x00000006081e7c50}: org/thymeleaf/standard/processor/StandardWithTagProcessorCustomizer> (0x00000006081e7c50) 
thrown [s\src\hotspot\share\classfile\systemDictionary.cpp, line 255]
Event: 152.614 Thread 0x00000195d8782850 Exception <a 'java/lang/ClassNotFoundException'{0x00000006081fe358}: org/thymeleaf/engine/HTMLAttributeDefinitionBeanInfo> (0x00000006081fe358) 
thrown [s\src\hotspot\share\classfile\systemDictionary.cpp, line 255]
Event: 152.614 Thread 0x00000195d8782850 Exception <a 'java/lang/ClassNotFoundException'{0x0000000608208978}: org/thymeleaf/engine/AttributeDefinitionBeanInfo> (0x0000000608208978) 
thrown [s\src\hotspot\share\classfile\systemDictionary.cpp, line 255]
Event: 152.615 Thread 0x00000195d8782850 Exception <a 'java/lang/ClassNotFoundException'{0x0000000608212dc8}: org/thymeleaf/engine/AttributeDefinitionCustomizer> (0x0000000608212dc8) 
thrown [s\src\hotspot\share\classfile\systemDictionary.cpp, line 255]
Event: 152.615 Thread 0x00000195d8782850 Exception <a 'java/lang/ClassNotFoundException'{0x0000000608222cd8}: org/thymeleaf/engine/HTMLAttributeDefinitionCustomizer> (0x0000000608222cd8) 
thrown [s\src\hotspot\share\classfile\systemDictionary.cpp, line 255]
Event: 152.618 Thread 0x00000195d8782850 Exception <a 'java/lang/ClassNotFoundException'{0x0000000608266a48}: org/thymeleaf/engine/ElementModelStructureHandlerBeanInfo> (0x0000000608266a48) 
thrown [s\src\hotspot\share\classfile\systemDictionary.cpp, line 255]
Event: 152.619 Thread 0x00000195d8782850 Exception <a 'java/lang/ClassNotFoundException'{0x000000060826ffb0}: org/thymeleaf/engine/ElementModelStructureHandlerCustomizer> (0x000000060826ffb0) 
thrown [s\src\hotspot\share\classfile\systemDictionary.cpp, line 255]
Event: 152.619 Thread 0x00000195d8782850 Exception <a 'java/lang/NoSuchMethodError'{0x000000060827fdd0}: 'void java.lang.invoke.DelegatingMethodHandle$Holder.reinvoke_L(java.lang.Object, java.lang.Object, java.lang.Object, java.lang.Object, int)'> (0x000000060827fdd0) 
thrown [s\src\hotspot\share\interpreter\linkResolver.cpp, line 766]
Event: 152.621 Thread 0x00000195d8782850 Exception <a 'java/lang/ClassNotFoundException'{0x0000000608388d20}: java/util/Collections$UnmodifiableRandomAccessListBeanInfo> (0x0000000608388d20) 
thrown [s\src\hotspot\share\classfile\systemDictionary.cpp, line 255]
Event: 152.621 Thread 0x00000195d8782850 Exception <a 'java/lang/ClassNotFoundException'{0x000000060838f128}: java/util/Collections$UnmodifiableListBeanInfo> (0x000000060838f128) 
thrown [s\src\hotspot\share\classfile\systemDictionary.cpp, line 255]
Event: 152.622 Thread 0x00000195d8782850 Exception <a 'java/lang/ClassNotFoundException'{0x0000000608395500}: java/util/Collections$UnmodifiableListCustomizer> (0x0000000608395500) 
thrown [s\src\hotspot\share\classfile\systemDictionary.cpp, line 255]
Event: 152.622 Thread 0x00000195d8782850 Exception <a 'java/lang/ClassNotFoundException'{0x00000006083b4fa0}: java/util/Collections$UnmodifiableRandomAccessListCustomizer> (0x00000006083b4fa0) 
thrown [s\src\hotspot\share\classfile\systemDictionary.cpp, line 255]
Event: 152.629 Thread 0x00000195d8782850 Exception <a 'java/lang/ClassNotFoundException'{0x0000000607c631e8}: org/thymeleaf/model/AttributeValueQuotesBeanInfo> (0x0000000607c631e8) 
thrown [s\src\hotspot\share\classfile\systemDictionary.cpp, line 255]
Event: 152.629 Thread 0x00000195d8782850 Exception <a 'java/lang/ClassNotFoundException'{0x0000000607c6c648}: org/thymeleaf/model/AttributeValueQuotesCustomizer> (0x0000000607c6c648) 
thrown [s\src\hotspot\share\classfile\systemDictionary.cpp, line 255]
Event: 152.631 Thread 0x00000195d8782850 Exception <a 'java/lang/ClassNotFoundException'{0x0000000607c99210}: org/thymeleaf/engine/ElementTagStructureHandlerBeanInfo> (0x0000000607c99210) 
thrown [s\src\hotspot\share\classfile\systemDictionary.cpp, line 255]
Event: 152.632 Thread 0x00000195d8782850 Exception <a 'java/lang/ClassNotFoundException'{0x0000000607ca2920}: org/thymeleaf/engine/ElementTagStructureHandlerCustomizer> (0x0000000607ca2920) 
thrown [s\src\hotspot\share\classfile\systemDictionary.cpp, line 255]
Event: 152.635 Thread 0x00000195d8782850 Exception <a 'java/lang/ClassNotFoundException'{0x0000000607d22510}: java/lang/ObjectCustomizer> (0x0000000607d22510) 
thrown [s\src\hotspot\share\classfile\systemDictionary.cpp, line 255]
Event: 152.635 Thread 0x00000195d8782850 Exception <a 'java/lang/ClassNotFoundException'{0x0000000607d313e8}: com/medical/examination/findparams/ClinicWorkingFindParamsCustomizer> (0x0000000607d313e8) 
thrown [s\src\hotspot\share\classfile\systemDictionary.cpp, line 255]

VM Operations (20 events):
Event: 152.509 Executing VM operation: Cleanup
Event: 152.510 Executing VM operation: Cleanup done
Event: 153.514 Executing VM operation: Cleanup
Event: 153.514 Executing VM operation: Cleanup done
Event: 157.534 Executing VM operation: Cleanup
Event: 157.534 Executing VM operation: Cleanup done
Event: 175.588 Executing VM operation: G1CollectForAllocation
Event: 175.591 Executing VM operation: G1CollectForAllocation done
Event: 195.766 Executing VM operation: Cleanup
Event: 195.766 Executing VM operation: Cleanup done
Event: 196.776 Executing VM operation: Cleanup
Event: 196.776 Executing VM operation: Cleanup done
Event: 204.856 Executing VM operation: Cleanup
Event: 204.856 Executing VM operation: Cleanup done
Event: 206.874 Executing VM operation: Cleanup
Event: 206.874 Executing VM operation: Cleanup done
Event: 228.358 Executing VM operation: G1CollectForAllocation
Event: 228.359 Executing VM operation: G1CollectForAllocation done
Event: 235.707 Executing VM operation: RedefineClasses
Event: 235.728 Executing VM operation: RedefineClasses done

Events (20 events):
Event: 136.766 Thread 0x00000195d8787a20 Thread added: 0x00000195d8787a20
Event: 136.774 Thread 0x00000195d8782850 Thread added: 0x00000195d8782850
Event: 136.774 Thread 0x00000195d8782d20 Thread added: 0x00000195d8782d20
Event: 136.774 Thread 0x00000195d8787ef0 Thread added: 0x00000195d8787ef0
Event: 136.774 Thread 0x00000195d8785870 Thread added: 0x00000195d8785870
Event: 136.774 Thread 0x00000195d8784a00 Thread added: 0x00000195d8784a00
Event: 136.774 Thread 0x00000195d87831f0 Thread added: 0x00000195d87831f0
Event: 136.774 Thread 0x00000195d87883c0 Thread added: 0x00000195d87883c0
Event: 136.774 Thread 0x00000195d8786210 Thread added: 0x00000195d8786210
Event: 136.774 Thread 0x00000195d8788890 Thread added: 0x00000195d8788890
Event: 136.774 Thread 0x00000195d8783b90 Thread added: 0x00000195d8783b90
Event: 136.775 Thread 0x00000195d8784060 Thread added: 0x00000195d8784060
Event: 136.775 Thread 0x00000195d8787550 Thread added: 0x00000195d8787550
Event: 136.779 Thread 0x00000195d8787080 Thread exited: 0x00000195d8787080
Event: 136.779 Thread 0x00000195d8786bb0 Thread exited: 0x00000195d8786bb0
Event: 141.483 Thread 0x00000195d87853a0 Thread exited: 0x00000195d87853a0
Event: 144.882 Thread 0x00000195d69477f0 Thread exited: 0x00000195d69477f0
Event: 152.375 Thread 0x00000195d72fa7c0 Thread exited: 0x00000195d72fa7c0
Event: 152.412 Thread 0x00000195d72f94c0 Thread added: 0x00000195d72f94c0
Event: 156.465 Thread 0x00000195d72f94c0 Thread exited: 0x00000195d72f94c0


Dynamic libraries:
0x00007ff6bd490000 - 0x00007ff6bd49e000 	C:\Users\DPC\.p2\pool\plugins\org.eclipse.justj.openjdk.hotspot.jre.full.win32.x86_64_18.0.1.v20220515-1614\jre\bin\javaw.exe
0x00007ff8ee7d0000 - 0x00007ff8ee9c7000 	C:\Windows\SYSTEM32\ntdll.dll
0x00007ff8edf80000 - 0x00007ff8ee03d000 	C:\Windows\System32\KERNEL32.DLL
0x00007ff8ec150000 - 0x00007ff8ec41d000 	C:\Windows\System32\KERNELBASE.dll
0x00007ff8ec730000 - 0x00007ff8ec830000 	C:\Windows\System32\ucrtbase.dll
0x00007ff8e6ad0000 - 0x00007ff8e6ae7000 	C:\Users\DPC\.p2\pool\plugins\org.eclipse.justj.openjdk.hotspot.jre.full.win32.x86_64_18.0.1.v20220515-1614\jre\bin\jli.dll
0x00007ff8e6ab0000 - 0x00007ff8e6ac9000 	C:\Users\DPC\.p2\pool\plugins\org.eclipse.justj.openjdk.hotspot.jre.full.win32.x86_64_18.0.1.v20220515-1614\jre\bin\VCRUNTIME140.dll
0x00007ff8ee040000 - 0x00007ff8ee1e0000 	C:\Windows\System32\USER32.dll
0x00007ff8d2870000 - 0x00007ff8d2b0a000 	C:\Windows\WinSxS\amd64_microsoft.windows.common-controls_6595b64144ccf1df_6.0.19041.1110_none_60b5254171f9507e\COMCTL32.dll
0x00007ff8ec5a0000 - 0x00007ff8ec5c2000 	C:\Windows\System32\win32u.dll
0x00007ff8edb80000 - 0x00007ff8edbaa000 	C:\Windows\System32\GDI32.dll
0x00007ff8ecad0000 - 0x00007ff8ecb6e000 	C:\Windows\System32\msvcrt.dll
0x00007ff8ec420000 - 0x00007ff8ec52b000 	C:\Windows\System32\gdi32full.dll
0x00007ff8ec690000 - 0x00007ff8ec72d000 	C:\Windows\System32\msvcp_win.dll
0x00007ff8ed2c0000 - 0x00007ff8ed2f0000 	C:\Windows\System32\IMM32.DLL
0x00007ff8e6aa0000 - 0x00007ff8e6aac000 	C:\Users\DPC\.p2\pool\plugins\org.eclipse.justj.openjdk.hotspot.jre.full.win32.x86_64_18.0.1.v20220515-1614\jre\bin\vcruntime140_1.dll
0x00007ff8e0480000 - 0x00007ff8e0511000 	C:\Users\DPC\.p2\pool\plugins\org.eclipse.justj.openjdk.hotspot.jre.full.win32.x86_64_18.0.1.v20220515-1614\jre\bin\msvcp140.dll
0x00007ff887660000 - 0x00007ff8882e9000 	C:\Users\DPC\.p2\pool\plugins\org.eclipse.justj.openjdk.hotspot.jre.full.win32.x86_64_18.0.1.v20220515-1614\jre\bin\server\jvm.dll
0x00007ff8ed740000 - 0x00007ff8ed7ee000 	C:\Windows\System32\ADVAPI32.dll
0x00007ff8ee1e0000 - 0x00007ff8ee27c000 	C:\Windows\System32\sechost.dll
0x00007ff8ec830000 - 0x00007ff8ec955000 	C:\Windows\System32\RPCRT4.dll
0x00007ff8ed6d0000 - 0x00007ff8ed6d8000 	C:\Windows\System32\PSAPI.DLL
0x00007ff8e22a0000 - 0x00007ff8e22c7000 	C:\Windows\SYSTEM32\WINMM.dll
0x00007ff8e9550000 - 0x00007ff8e9559000 	C:\Windows\SYSTEM32\WSOCK32.dll
0x00007ff8e3350000 - 0x00007ff8e335a000 	C:\Windows\SYSTEM32\VERSION.dll
0x00007ff8ed650000 - 0x00007ff8ed6bb000 	C:\Windows\System32\WS2_32.dll
0x00007ff8e9e10000 - 0x00007ff8e9e22000 	C:\Windows\SYSTEM32\kernel.appcore.dll
0x00007ff8e8f40000 - 0x00007ff8e8f4a000 	C:\Users\DPC\.p2\pool\plugins\org.eclipse.justj.openjdk.hotspot.jre.full.win32.x86_64_18.0.1.v20220515-1614\jre\bin\jimage.dll
0x00007ff8e1120000 - 0x00007ff8e1304000 	C:\Windows\SYSTEM32\DBGHELP.DLL
0x00007ff8d88c0000 - 0x00007ff8d88ec000 	C:\Windows\SYSTEM32\dbgcore.DLL
0x00007ff8ec600000 - 0x00007ff8ec682000 	C:\Windows\System32\bcryptPrimitives.dll
0x00007ff8b7aa0000 - 0x00007ff8b7adb000 	C:\Users\DPC\.p2\pool\plugins\org.eclipse.justj.openjdk.hotspot.jre.full.win32.x86_64_18.0.1.v20220515-1614\jre\bin\jdwp.dll
0x00007ff8e09d0000 - 0x00007ff8e09de000 	C:\Users\DPC\.p2\pool\plugins\org.eclipse.justj.openjdk.hotspot.jre.full.win32.x86_64_18.0.1.v20220515-1614\jre\bin\instrument.dll
0x00007ff8e6650000 - 0x00007ff8e6675000 	C:\Users\DPC\.p2\pool\plugins\org.eclipse.justj.openjdk.hotspot.jre.full.win32.x86_64_18.0.1.v20220515-1614\jre\bin\java.dll
0x00007ff8e5090000 - 0x00007ff8e50a8000 	C:\Users\DPC\.p2\pool\plugins\org.eclipse.justj.openjdk.hotspot.jre.full.win32.x86_64_18.0.1.v20220515-1614\jre\bin\zip.dll
0x00007ff8ecb70000 - 0x00007ff8ed2b4000 	C:\Windows\System32\SHELL32.dll
0x00007ff8ea010000 - 0x00007ff8ea7a4000 	C:\Windows\SYSTEM32\windows.storage.dll
0x00007ff8ed2f0000 - 0x00007ff8ed644000 	C:\Windows\System32\combase.dll
0x00007ff8eb950000 - 0x00007ff8eb97c000 	C:\Windows\SYSTEM32\Wldp.dll
0x00007ff8ec9c0000 - 0x00007ff8eca6d000 	C:\Windows\System32\SHCORE.dll
0x00007ff8ede20000 - 0x00007ff8ede75000 	C:\Windows\System32\shlwapi.dll
0x00007ff8ebe30000 - 0x00007ff8ebe4f000 	C:\Windows\SYSTEM32\profapi.dll
0x00007ff8e09c0000 - 0x00007ff8e09cc000 	C:\Users\DPC\.p2\pool\plugins\org.eclipse.justj.openjdk.hotspot.jre.full.win32.x86_64_18.0.1.v20220515-1614\jre\bin\dt_socket.dll
0x00007ff8eb350000 - 0x00007ff8eb38b000 	C:\Windows\SYSTEM32\IPHLPAPI.DLL
0x00007ff8eb6b0000 - 0x00007ff8eb71a000 	C:\Windows\system32\mswsock.dll
0x00007ff8eb3a0000 - 0x00007ff8eb46b000 	C:\Windows\SYSTEM32\DNSAPI.dll
0x00007ff8ee780000 - 0x00007ff8ee788000 	C:\Windows\System32\NSI.dll
0x00007ff8e0120000 - 0x00007ff8e012a000 	C:\Windows\System32\rasadhlp.dll
0x00007ff8dffd0000 - 0x00007ff8e0050000 	C:\Windows\System32\fwpuclnt.dll
0x00007ff8ec5d0000 - 0x00007ff8ec5f7000 	C:\Windows\System32\bcrypt.dll
0x00007ff8e5010000 - 0x00007ff8e5023000 	C:\Users\DPC\.p2\pool\plugins\org.eclipse.justj.openjdk.hotspot.jre.full.win32.x86_64_18.0.1.v20220515-1614\jre\bin\net.dll
0x00007ff8e0200000 - 0x00007ff8e030a000 	C:\Windows\SYSTEM32\WINHTTP.dll
0x00007ff8e4ff0000 - 0x00007ff8e5006000 	C:\Users\DPC\.p2\pool\plugins\org.eclipse.justj.openjdk.hotspot.jre.full.win32.x86_64_18.0.1.v20220515-1614\jre\bin\nio.dll
0x00007ff8e08a0000 - 0x00007ff8e08a9000 	C:\Users\DPC\.p2\pool\plugins\org.eclipse.justj.openjdk.hotspot.jre.full.win32.x86_64_18.0.1.v20220515-1614\jre\bin\management.dll
0x00007ff8e0890000 - 0x00007ff8e089b000 	C:\Users\DPC\.p2\pool\plugins\org.eclipse.justj.openjdk.hotspot.jre.full.win32.x86_64_18.0.1.v20220515-1614\jre\bin\management_ext.dll
0x00007ff891cf0000 - 0x00007ff891d07000 	C:\Windows\system32\napinsp.dll
0x00007ff891cd0000 - 0x00007ff891ceb000 	C:\Windows\system32\pnrpnsp.dll
0x00007ff8c4d30000 - 0x00007ff8c4d45000 	C:\Windows\system32\wshbth.dll
0x00007ff8e8ab0000 - 0x00007ff8e8acd000 	C:\Windows\system32\NLAapi.dll
0x00007ff891cb0000 - 0x00007ff891cc2000 	C:\Windows\System32\winrnr.dll
0x00007ff8eb8b0000 - 0x00007ff8eb8c8000 	C:\Windows\SYSTEM32\CRYPTSP.dll
0x00007ff8eafc0000 - 0x00007ff8eaff4000 	C:\Windows\system32\rsaenh.dll
0x00007ff8ebdf0000 - 0x00007ff8ebe1e000 	C:\Windows\SYSTEM32\USERENV.dll
0x00007ff8eb8a0000 - 0x00007ff8eb8ac000 	C:\Windows\SYSTEM32\CRYPTBASE.dll
0x00007ff8e48f0000 - 0x00007ff8e4907000 	C:\Windows\SYSTEM32\dhcpcsvc6.DLL
0x00007ff8e48d0000 - 0x00007ff8e48ed000 	C:\Windows\SYSTEM32\dhcpcsvc.DLL
0x00007ff8e8ec0000 - 0x00007ff8e8ed0000 	C:\Users\DPC\.p2\pool\plugins\org.eclipse.justj.openjdk.hotspot.jre.full.win32.x86_64_18.0.1.v20220515-1614\jre\bin\verify.dll
0x00007ff8e5080000 - 0x00007ff8e508e000 	C:\Users\DPC\.p2\pool\plugins\org.eclipse.justj.openjdk.hotspot.jre.full.win32.x86_64_18.0.1.v20220515-1614\jre\bin\sunmscapi.dll
0x00007ff8ebfa0000 - 0x00007ff8ec0f6000 	C:\Windows\System32\CRYPT32.dll
0x00007ff8eb9c0000 - 0x00007ff8eb9e7000 	C:\Windows\SYSTEM32\ncrypt.dll
0x00007ff8eb980000 - 0x00007ff8eb9bb000 	C:\Windows\SYSTEM32\NTASN1.dll

dbghelp: loaded successfully - version: 4.0.5 - missing functions: none
symbol engine: initialized successfully - sym options: 0x614 - pdb path: .;C:\Users\DPC\.p2\pool\plugins\org.eclipse.justj.openjdk.hotspot.jre.full.win32.x86_64_18.0.1.v20220515-1614\jre\bin;C:\Windows\SYSTEM32;C:\Windows\WinSxS\amd64_microsoft.windows.common-controls_6595b64144ccf1df_6.0.19041.1110_none_60b5254171f9507e;C:\Users\DPC\.p2\pool\plugins\org.eclipse.justj.openjdk.hotspot.jre.full.win32.x86_64_18.0.1.v20220515-1614\jre\bin\server

VM Arguments:
jvm_args: -XX:+ShowCodeDetailsInExceptionMessages -agentlib:jdwp=transport=dt_socket,suspend=y,address=localhost:54877 -Dcom.sun.management.jmxremote -Dcom.sun.management.jmxremote.port=54876 -Dcom.sun.management.jmxremote.authenticate=false -Dcom.sun.management.jmxremote.ssl=false -Djava.rmi.server.hostname=localhost -Dspring.jmx.enabled=true -Dspring.application.admin.enabled=true -XX:TieredStopAtLevel=1 -Dspring.boot.project.name=MedicalExamination -javaagent:C:\Users\DPC\eclipse\jee-2022-032\eclipse\configuration\org.eclipse.osgi\422\0\.cp\lib\javaagent-shaded.jar -Dfile.encoding=UTF-8 
java_command: com.medical.examination.MedicalExaminationApplication
java_class_path (initial): F:\work\DoAn_Hospital\MedicalExamination\target\classes;C:\Users\DPC\.m2\repository\org\springframework\boot\spring-boot-starter-data-jpa\2.7.1\spring-boot-starter-data-jpa-2.7.1.jar;C:\Users\DPC\.m2\repository\org\springframework\boot\spring-boot-starter-aop\2.7.1\spring-boot-starter-aop-2.7.1.jar;C:\Users\DPC\.m2\repository\org\aspectj\aspectjweaver\1.9.7\aspectjweaver-1.9.7.jar;C:\Users\DPC\.m2\repository\org\springframework\boot\spring-boot-starter-jdbc\2.7.1\spring-boot-starter-jdbc-2.7.1.jar;C:\Users\DPC\.m2\repository\com\zaxxer\HikariCP\4.0.3\HikariCP-4.0.3.jar;C:\Users\DPC\.m2\repository\org\springframework\spring-jdbc\5.3.21\spring-jdbc-5.3.21.jar;C:\Users\DPC\.m2\repository\jakarta\transaction\jakarta.transaction-api\1.3.3\jakarta.transaction-api-1.3.3.jar;C:\Users\DPC\.m2\repository\jakarta\persistence\jakarta.persistence-api\2.2.3\jakarta.persistence-api-2.2.3.jar;C:\Users\DPC\.m2\repository\org\hibernate\hibernate-core\5.6.9.Final\hibernate-core-5.6.9.Final.jar;C:\Users\DPC\.m2\repository\org\jboss\logging\jboss-logging\3.4.3.Final\jboss-logging-3.4.3.Final.jar;C:\Users\DPC\.m2\repository\net\bytebuddy\byte-buddy\1.12.11\byte-buddy-1.12.11.jar;C:\Users\DPC\.m2\repository\antlr\antlr\2.7.7\antlr-2.7.7.jar;C:\Users\DPC\.m2\repository\org\jboss\jandex\2.4.2.Final\jandex-2.4.2.Final.jar;C:\Users\DPC\.m2\repository\com\fasterxml\classmate\1.5.1\classmate-1.5.1.jar;C:\Users\DPC\.m2\repository\org\hibernate\common\hibernate-commons-annotations\5.1.2.Final\hibernate-commons-annotations-5.1.2.Final.jar;C:\Users\DPC\.m2\repository\org\glassfish\jaxb\jaxb-runtime\2.3.6\jaxb-runtime-2.3.6.jar;C:\Users\DPC\.m2\repository\org\glassfish\jaxb\txw2\2.3.6\txw2-2.3.6.jar;C:\Users\DPC\.m2\repository\com\sun\istack\istack-commons-runtime\3.0.12\istack-commons-runtime-3.0.12.jar;C:\Users\DPC\.m2\repository\com\sun\activation\jakarta.activation\1.2.2\jakarta.activation-1.2.2.jar;C:\Users\DPC\.m2\repository\org\springframework\data\spring-data-jpa\2.7.1\spring-data-jpa-2.7.1.jar;C:\Users\DPC\.m2\repository\org\springframework\data\spring-data-commons\2.7.1\spring-data-commons-2.7.1.jar;C:\Users\DPC\.m2\repository\org\springframework\spring-orm\5.3.21\spring-orm-5.3.21.jar;C:\Users\DPC\.m2\repository\org\springframework\spring-context\5.3.21\spring-context-5.3.21.jar;C:\Users\DPC\.m2\repository\org\springframework\spring-tx\5.3.21\spring-tx-5.3.21.jar;C:\Users\DPC\.m2\repository\org\springframework\spring-beans\5.3.21\spring-beans-5.3.21.jar;C:\Users\DPC\.m2\repository\org\slf4j\slf4j-api\1.7.36\slf4j-api-1.7.36.jar;C:\Users\DPC\.m2\repository\org\springframework\spring-aspects\5.3.21\spring-aspects-5.3.21.jar;C:\Users\DPC\.m2\repository\org\springframework\boot\spring-boot-starter-security\2.7.1\spring-boot-starter-security-2.7.1.jar;C:\Users\DPC\.m2\repository\org\springframework\boot\spring-boot-starter\2.7.1\spring-boot-starter-2.7.1.jar;C:\Users\DPC\.m2\repository\org\springframework\boot\spring-boot-starter-logging\2.7.1\spring-boot-starter-logging-2.7.1.jar;C:\Users\DPC\.m2\repository\ch\qos\logback\logback-classic\1.2.11\logback-classic-1.2.11.jar;C:\Users\DPC\.m2\repository\ch\qos\logback\logback-core\1.2.11\logback-core-1.2.11.jar;C:\Users\DPC\.m2\repository\org\apache\logging\log4j\log4j-to-slf4j\2.17.2\log4j-to-slf4j-2.17.2.jar;C:\Users\DPC\.m2\repository\org\apache\logging\log4j\log4j-api\2.17.2\log4j-api-2.17.2.jar;C:\Users\DPC\.m2\repository\org\slf4j\jul-to-slf4j\1.7.36\jul-to-slf4j-1.7.36.jar;C:\Users\DPC\.m2\repository\jakarta\annotation\jakarta.annotation-api\1.3.5\jakarta.annotation-api-1.3.5.jar;C:\Users\DPC\.m2\repository\org\yaml\snakeyaml\1.30\snakeyaml-1.30.jar;C:\Users\DPC\.m2\repository\org\springframework\spring-aop\5.3.21\spring-aop-5.3.21.jar;C:\Users\DPC\.m2\repository\org\springframework\security\spring-security-config\5.7.2\spring-security-config-5.7.2.jar;C:\Users\DPC\.m2\repository\org\springframework\security\spring-security-web\5.7.2\spring-security-web-5.7.2.jar;C:\Users\DPC\.m2\repository\org\springframework\spring-expression\5.3.21\spring-expression-5.3.21.jar;C:\Users\DPC\.m2\repository\org\springframework\boot\spring-boot-starter-web\2.7.1\spring-boot-starter-web-2.7.1.jar;C:\Users\DPC\.m2\repository\org\springframework\boot\spring-boot-starter-json\2.7.1\spring-boot-starter-json-2.7.1.jar;C:\Users\DPC\.m2\repository\com\fasterxml\jackson\datatype\jackson-datatype-jdk8\2.13.3\jackson-datatype-jdk8-2.13.3.jar;C:\Users\DPC\.m2\repository\com\fasterxml\jackson\datatype\jackson-datatype-jsr310\2.13.3\jackson-datatype-jsr310-2.13.3.jar;C:\Users\DPC\.m2\repository\com\fasterxml\jackson\module\jackson-module-parameter-names\2.13.3\jackson-module-parameter-names-2.13.3.jar;C:\Users\DPC\.m2\repository\org\springframework\boot\spring-boot-starter-tomcat\2.7.1\spring-boot-starter-tomcat-2.7.1.jar;C:\Users\DPC\.m2\repository\org\apache\tomcat\embed\tomcat-embed-core\9.0.64\tomcat-embed-core-9.0.64.jar;C:\Users\DPC\.m2\repository\org\apache\tomcat\embed\tomcat-embed-el\9.0.64\tomcat-embed-el-9.0.64.jar;C:\Users\DPC\.m2\repository\org\apache\tomcat\embed\tomcat-embed-websocket\9.0.64\tomcat-embed-websocket-9.0.64.jar;C:\Users\DPC\.m2\repository\org\springframework\spring-web\5.3.21\spring-web-5.3.21.jar;C:\Users\DPC\.m2\repository\org\springframework\spring-webmvc\5.3.21\spring-webmvc-5.3.21.jar;C:\Users\DPC\.m2\repository\org\springframework\boot\spring-boot-devtools\2.7.1\spring-boot-devtools-2.7.1.jar;C:\Users\DPC\.m2\repository\org\springframework\boot\spring-boot\2.7.1\spring-boot-2.7.1.jar;C:\Users\DPC\.m2\repository\org\springframework\boot\spring-boot-autoconfigure\2.7.1\spring-boot-autoconfigure-2.7.1.jar;C:\Users\DPC\.m2\repository\mysql\mysql-connector-java\8.0.29\mysql-connector-java-8.0.29.jar;C:\Users\DPC\.m2\repository\jakarta\xml\bind\jakarta.xml.bind-api\2.3.3\jakarta.xml.bind-api-2.3.3.jar;C:\Users\DPC\.m2\repository\jakarta\activation\jakarta.activation-api\1.2.2\jakarta.activation-api-1.2.2.jar;C:\Users\DPC\.m2\repository\org\springframework\spring-core\5.3.21\spring-core-5.3.21.jar;C:\Users\DPC\.m2\repository\org\springframework\spring-jcl\5.3.21\spring-jcl-5.3.21.jar;C:\Users\DPC\.m2\repository\org\springframework\security\spring-security-core\5.7.2\spring-security-core-5.7.2.jar;C:\Users\DPC\.m2\repository\org\springframework\security\spring-security-crypto\5.7.2\spring-security-crypto-5.7.2.jar;C:\Users\DPC\.m2\repository\org\springframework\boot\spring-boot-starter-thymeleaf\2.7.1\spring-boot-starter-thymeleaf-2.7.1.jar;C:\Users\DPC\.m2\repository\org\thymeleaf\thymeleaf-spring5\3.0.15.RELEASE\thymeleaf-spring5-3.0.15.RELEASE.jar;C:\Users\DPC\.m2\repository\org\thymeleaf\extras\thymeleaf-extras-java8time\3.0.4.RELEASE\thymeleaf-extras-java8time-3.0.4.RELEASE.jar;C:\Users\DPC\.m2\repository\nz\net\ultraq\thymeleaf\thymeleaf-layout-dialect\3.0.0\thymeleaf-layout-dialect-3.0.0.jar;C:\Users\DPC\.m2\repository\org\codehaus\groovy\groovy\3.0.11\groovy-3.0.11.jar;C:\Users\DPC\.m2\repository\nz\net\ultraq\extensions\groovy-extensions\1.1.0\groovy-extensions-1.1.0.jar;C:\Users\DPC\.m2\repository\nz\net\ultraq\thymeleaf\thymeleaf-expression-processor\3.0.0\thymeleaf-expression-processor-3.0.0.jar;C:\Users\DPC\.m2\repository\org\thymeleaf\thymeleaf\3.0.15.RELEASE\thymeleaf-3.0.15.RELEASE.jar;C:\Users\DPC\.m2\repository\ognl\ognl\3.1.26\ognl-3.1.26.jar;C:\Users\DPC\.m2\repository\org\javassist\javassist\3.20.0-GA\javassist-3.20.0-GA.jar;C:\Users\DPC\.m2\repository\org\attoparser\attoparser\2.0.5.RELEASE\attoparser-2.0.5.RELEASE.jar;C:\Users\DPC\.m2\repository\org\unbescape\unbescape\1.1.6.RELEASE\unbescape-1.1.6.RELEASE.jar;C:\Users\DPC\.m2\repository\com\h2database\h2\2.1.214\h2-2.1.214.jar;C:\Users\DPC\.m2\repository\io\jsonwebtoken\jjwt\0.9.1\jjwt-0.9.1.jar;C:\Users\DPC\.m2\repository\com\fasterxml\jackson\core\jackson-databind\2.13.3\jackson-databind-2.13.3.jar;C:\Users\DPC\.m2\repository\com\fasterxml\jackson\core\jackson-annotations\2.13.3\jackson-annotations-2.13.3.jar;C:\Users\DPC\.m2\repository\com\fasterxml\jackson\core\jackson-core\2.13.3\jackson-core-2.13.3.jar
Launcher Type: SUN_STANDARD

[Global flags]
     intx CICompilerCount                          = 4                                         {product} {ergonomic}
     uint ConcGCThreads                            = 3                                         {product} {ergonomic}
     uint G1ConcRefinementThreads                  = 10                                        {product} {ergonomic}
   size_t G1HeapRegionSize                         = 4194304                                   {product} {ergonomic}
    uintx GCDrainStackTargetSize                   = 64                                        {product} {ergonomic}
   size_t InitialHeapSize                          = 536870912                                 {product} {ergonomic}
     bool ManagementServer                         = true                                      {product} {command line}
   size_t MarkStackSize                            = 4194304                                   {product} {ergonomic}
   size_t MaxHeapSize                              = 8552185856                                {product} {ergonomic}
   size_t MaxNewSize                               = 5129633792                                {product} {ergonomic}
   size_t MinHeapDeltaBytes                        = 4194304                                   {product} {ergonomic}
   size_t MinHeapSize                              = 8388608                                   {product} {ergonomic}
    uintx NonProfiledCodeHeapSize                  = 0                                      {pd product} {ergonomic}
     bool PerfDisableSharedMem                     = true                                      {product} {ergonomic}
     bool ProfileInterpreter                       = false                                  {pd product} {command line}
    uintx ProfiledCodeHeapSize                     = 0                                      {pd product} {ergonomic}
     bool ShowCodeDetailsInExceptionMessages       = true                                   {manageable} {command line}
   size_t SoftMaxHeapSize                          = 8552185856                             {manageable} {ergonomic}
     intx TieredStopAtLevel                        = 1                                         {product} {command line}
     bool UseCompressedClassPointers               = true                           {product lp64_product} {ergonomic}
     bool UseCompressedOops                        = true                           {product lp64_product} {ergonomic}
     bool UseG1GC                                  = true                                      {product} {ergonomic}
     bool UseLargePagesIndividualAllocation        = false                                  {pd product} {ergonomic}

Logging:
Log output configuration:
 #0: stdout all=warning uptime,level,tags foldmultilines=false
 #1: stderr all=off uptime,level,tags foldmultilines=false

Environment Variables:
JAVA_HOME=C:\Program Files\Java\jdk1.8.0_202
PATH=C:\Users\DPC\.p2\pool\plugins\org.eclipse.justj.openjdk.hotspot.jre.full.win32.x86_64_18.0.1.v20220515-1614\jre\bin;C:/Users/DPC/.p2/pool/plugins/org.eclipse.justj.openjdk.hotspot.jre.full.win32.x86_64_18.0.1.v20220515-1614/jre/bin/server;C:/Users/DPC/.p2/pool/plugins/org.eclipse.justj.openjdk.hotspot.jre.full.win32.x86_64_18.0.1.v20220515-1614/jre/bin;C:\Program Files (x86)\Common Files\Oracle\Java\javapath;C:\Windows\system32;C:\Windows;C:\Windows\System32\Wbem;C:\Windows\System32\WindowsPowerShell\v1.0\;C:\Windows\System32\OpenSSH\;C:\Program Files\nodejs\;C:\Program Files\Git\cmd;C:\Program Files\Microsoft SQL Server\150\Tools\Binn\;C:\Program Files\Java\jdk1.8.0_202\bin;C:\install\apache-maven-3.8.5\bin;C:\Program Files\dotnet\;C:\Program Files\Microsoft SQL Server\130\Tools\Binn\;C:\Program Files\Microsoft SQL Server\Client SDK\ODBC\170\Tools\Binn\;C:\Program Files (x86)\Microsoft SQL Server\150\Tools\Binn\;C:\Program Files\Microsoft SQL Server\150\DTS\Binn\;C:\Program Files (x86)\Microsoft SQL Server\150\DTS\Binn\;C:\Program Files\Azure Data Studio\bin;C:\Users\DPC\AppData\Local\Microsoft\WindowsApps;C:\Users\DPC\AppData\Roaming\npm;C:\Users\DPC\AppData\Local\Programs\Microsoft VS Code\bin;C:\Users\DPC\.dotnet\tools;C:\Program Files\Azure Data Studio\bin;C:\Windows\System32;
USERNAME=DPC
OS=Windows_NT
PROCESSOR_IDENTIFIER=Intel64 Family 6 Model 151 Stepping 2, GenuineIntel



---------------  S Y S T E M  ---------------

OS:
 Windows 10 , 64 bit Build 19041 (10.0.19041.1741)
OS uptime: 4 days 3:18 hours

CPU: total 12 (initial active 12) (6 cores per cpu, 2 threads per core) family 6 model 151 stepping 2 microcode 0x13, cx8, cmov, fxsr, ht, mmx, 3dnowpref, sse, sse2, sse3, ssse3, sse4.1, sse4.2, popcnt, lzcnt, tsc, tscinvbit, avx, avx2, aes, erms, clmul, bmi1, bmi2, adx, sha, fma, vzeroupper, clflush, clflushopt, clwb, serialize

Memory: 4k page, system-wide physical 32612M (18481M free)
TotalPageFile size 37476M (AvailPageFile size 14052M)
current process WorkingSet (physical memory assigned to process): 295M, peak: 385M
current process commit charge ("private bytes"): 330M, peak: 639M

vm_info: OpenJDK 64-Bit Server VM (18.0.1+10) for windows-amd64 JRE (18.0.1+10), built on Apr 20 2022 05:04:48 by "" with MS VC++ 16.7 (VS2019)

END.
